<?xml version="1.0" encoding="UTF-8"?>
<testng-results skipped="0" failed="0" total="1" passed="1">
  <reporter-output>
  </reporter-output>
  <suite name="Default suite" duration-ms="36972" started-at="2019-04-11T06:31:26Z" finished-at="2019-04-11T06:32:03Z">
    <groups>
    </groups>
    <test name="Default test" duration-ms="36972" started-at="2019-04-11T06:31:26Z" finished-at="2019-04-11T06:32:03Z">
      <class name="Test.LoginDemo">
        <test-method status="PASS" signature="Login()[pri:0, instance:Test.LoginDemo@7722c3c3]" name="Login" duration-ms="34380" started-at="2019-04-11T14:31:26Z" finished-at="2019-04-11T14:32:00Z">
          <reporter-output>
          </reporter-output>
        </test-method> <!-- Login -->
        <test-method status="PASS" signature="tearnDown()[pri:0, instance:Test.LoginDemo@7722c3c3]" name="tearnDown" is-config="true" duration-ms="2570" started-at="2019-04-11T14:32:00Z" finished-at="2019-04-11T14:32:03Z">
          <reporter-output>
          </reporter-output>
        </test-method> <!-- tearnDown -->
      </class> <!-- Test.LoginDemo -->
    </test> <!-- Default test -->
  </suite> <!-- Default suite -->
</testng-results>
